Watching for file changes with StatReloader
Not Found: /
Not Found: /favicon.ico
Method Not Allowed: /api/v1/auth/register/
Internal Server Error: /api/v1/auth/register/
Traceback (most recent call last):
  File "C:\Users\pc\Projects\BABYSHOP\OneStep_BabyShop\venv\Lib\site-packages\django\core\handlers\exception.py", line 55, in inner
    response = get_response(request)
  File "C:\Users\pc\Projects\BABYSHOP\OneStep_BabyShop\venv\Lib\site-packages\django\core\handlers\base.py", line 198, in _get_response
    response = wrapped_callback(request, *callback_args, **callback_kwargs)
  File "C:\Users\pc\Projects\BABYSHOP\OneStep_BabyShop\venv\Lib\site-packages\django\views\decorators\csrf.py", line 65, in _view_wrapper
    return view_func(request, *args, **kwargs)
  File "C:\Users\pc\Projects\BABYSHOP\OneStep_BabyShop\venv\Lib\site-packages\django\views\generic\base.py", line 106, in view
    return self.dispatch(request, *args, **kwargs)
           ~~~~~~~~~~~~~^^^^^^^^^^^^^^^^^^^^^^^^^^
  File "C:\Users\pc\Projects\BABYSHOP\OneStep_BabyShop\venv\Lib\site-packages\rest_framework\views.py", line 515, in dispatch
    response = self.handle_exception(exc)
  File "C:\Users\pc\Projects\BABYSHOP\OneStep_BabyShop\venv\Lib\site-packages\rest_framework\views.py", line 475, in handle_exception
    self.raise_uncaught_exception(exc)
    ~~~~~~~~~~~~~~~~~~~~~~~~~~~~~^^^^^
  File "C:\Users\pc\Projects\BABYSHOP\OneStep_BabyShop\venv\Lib\site-packages\rest_framework\views.py", line 486, in raise_uncaught_exception
    raise exc
  File "C:\Users\pc\Projects\BABYSHOP\OneStep_BabyShop\venv\Lib\site-packages\rest_framework\views.py", line 512, in dispatch
    response = handler(request, *args, **kwargs)
  File "C:\Users\pc\Projects\BABYSHOP\OneStep_BabyShop\venv\Lib\site-packages\rest_framework\generics.py", line 194, in post
    return self.create(request, *args, **kwargs)
           ~~~~~~~~~~~^^^^^^^^^^^^^^^^^^^^^^^^^^
  File "C:\Users\pc\Projects\BABYSHOP\OneStep_BabyShop\users\views.py", line 24, in create
    serializer.is_valide(raise_exception=True)
    ^^^^^^^^^^^^^^^^^^^^
AttributeError: 'RegisterSerializer' object has no attribute 'is_valide'. Did you mean: 'is_valid'?
C:\Users\pc\Projects\BABYSHOP\OneStep_BabyShop\users\views.py changed, reloading.
Watching for file changes with StatReloader
Internal Server Error: /api/v1/auth/register/
Traceback (most recent call last):
  File "C:\Users\pc\Projects\BABYSHOP\OneStep_BabyShop\venv\Lib\site-packages\rest_framework\serializers.py", line 991, in create
    instance = ModelClass._default_manager.create(**validated_data)
  File "C:\Users\pc\Projects\BABYSHOP\OneStep_BabyShop\venv\Lib\site-packages\django\db\models\manager.py", line 87, in manager_method
    return getattr(self.get_queryset(), name)(*args, **kwargs)
           ~~~~~~~~~~~~~~~~~~~~~~~~~~~~~~~~~~^^^^^^^^^^^^^^^^^
  File "C:\Users\pc\Projects\BABYSHOP\OneStep_BabyShop\venv\Lib\site-packages\django\db\models\query.py", line 667, in create
    obj = self.model(**kwargs)
  File "C:\Users\pc\Projects\BABYSHOP\OneStep_BabyShop\venv\Lib\site-packages\django\db\models\base.py", line 590, in __init__
    raise TypeError(
    ...<2 lines>...
    )
TypeError: CustomUser() got unexpected keyword arguments: 'password_confirm'

During handling of the above exception, another exception occurred:

Traceback (most recent call last):
  File "C:\Users\pc\Projects\BABYSHOP\OneStep_BabyShop\venv\Lib\site-packages\django\core\handlers\exception.py", line 55, in inner
    response = get_response(request)
  File "C:\Users\pc\Projects\BABYSHOP\OneStep_BabyShop\venv\Lib\site-packages\django\core\handlers\base.py", line 198, in _get_response
    response = wrapped_callback(request, *callback_args, **callback_kwargs)
  File "C:\Users\pc\Projects\BABYSHOP\OneStep_BabyShop\venv\Lib\site-packages\django\views\decorators\csrf.py", line 65, in _view_wrapper
    return view_func(request, *args, **kwargs)
  File "C:\Users\pc\Projects\BABYSHOP\OneStep_BabyShop\venv\Lib\site-packages\django\views\generic\base.py", line 106, in view
    return self.dispatch(request, *args, **kwargs)
           ~~~~~~~~~~~~~^^^^^^^^^^^^^^^^^^^^^^^^^^
  File "C:\Users\pc\Projects\BABYSHOP\OneStep_BabyShop\venv\Lib\site-packages\rest_framework\views.py", line 515, in dispatch
    response = self.handle_exception(exc)
  File "C:\Users\pc\Projects\BABYSHOP\OneStep_BabyShop\venv\Lib\site-packages\rest_framework\views.py", line 475, in handle_exception
    self.raise_uncaught_exception(exc)
    ~~~~~~~~~~~~~~~~~~~~~~~~~~~~~^^^^^
  File "C:\Users\pc\Projects\BABYSHOP\OneStep_BabyShop\venv\Lib\site-packages\rest_framework\views.py", line 486, in raise_uncaught_exception
    raise exc
  File "C:\Users\pc\Projects\BABYSHOP\OneStep_BabyShop\venv\Lib\site-packages\rest_framework\views.py", line 512, in dispatch
    response = handler(request, *args, **kwargs)
  File "C:\Users\pc\Projects\BABYSHOP\OneStep_BabyShop\venv\Lib\site-packages\rest_framework\generics.py", line 194, in post
    return self.create(request, *args, **kwargs)
           ~~~~~~~~~~~^^^^^^^^^^^^^^^^^^^^^^^^^^
  File "C:\Users\pc\Projects\BABYSHOP\OneStep_BabyShop\users\views.py", line 25, in create
    user = serializer.save()
  File "C:\Users\pc\Projects\BABYSHOP\OneStep_BabyShop\venv\Lib\site-packages\rest_framework\serializers.py", line 210, in save
    self.instance = self.create(validated_data)
                    ~~~~~~~~~~~^^^^^^^^^^^^^^^^
  File "C:\Users\pc\Projects\BABYSHOP\OneStep_BabyShop\venv\Lib\site-packages\rest_framework\serializers.py", line 1010, in create
    raise TypeError(msg)
TypeError: Got a `TypeError` when calling `CustomUser.objects.create()`. This may be because you have a writable field on the serializer class that is not a valid argument to `CustomUser.objects.create()`. You may need to make the field read-only, or override the RegisterSerializer.create() method to handle this correctly.
Original exception was:
 Traceback (most recent call last):
  File "C:\Users\pc\Projects\BABYSHOP\OneStep_BabyShop\venv\Lib\site-packages\rest_framework\serializers.py", line 991, in create
    instance = ModelClass._default_manager.create(**validated_data)
  File "C:\Users\pc\Projects\BABYSHOP\OneStep_BabyShop\venv\Lib\site-packages\django\db\models\manager.py", line 87, in manager_method
    return getattr(self.get_queryset(), name)(*args, **kwargs)
           ~~~~~~~~~~~~~~~~~~~~~~~~~~~~~~~~~~^^^^^^^^^^^^^^^^^
  File "C:\Users\pc\Projects\BABYSHOP\OneStep_BabyShop\venv\Lib\site-packages\django\db\models\query.py", line 667, in create
    obj = self.model(**kwargs)
  File "C:\Users\pc\Projects\BABYSHOP\OneStep_BabyShop\venv\Lib\site-packages\django\db\models\base.py", line 590, in __init__
    raise TypeError(
    ...<2 lines>...
    )
TypeError: CustomUser() got unexpected keyword arguments: 'password_confirm'

C:\Users\pc\Projects\BABYSHOP\OneStep_BabyShop\users\serializers.py changed, reloading.
Watching for file changes with StatReloader
C:\Users\pc\Projects\BABYSHOP\OneStep_BabyShop\users\serializers.py changed, reloading.
Watching for file changes with StatReloader
Internal Server Error: /api/v1/auth/register/
Traceback (most recent call last):
  File "C:\Users\pc\Projects\BABYSHOP\OneStep_BabyShop\venv\Lib\site-packages\rest_framework\serializers.py", line 991, in create
    instance = ModelClass._default_manager.create(**validated_data)
  File "C:\Users\pc\Projects\BABYSHOP\OneStep_BabyShop\venv\Lib\site-packages\django\db\models\manager.py", line 87, in manager_method
    return getattr(self.get_queryset(), name)(*args, **kwargs)
           ~~~~~~~~~~~~~~~~~~~~~~~~~~~~~~~~~~^^^^^^^^^^^^^^^^^
  File "C:\Users\pc\Projects\BABYSHOP\OneStep_BabyShop\venv\Lib\site-packages\django\db\models\query.py", line 667, in create
    obj = self.model(**kwargs)
  File "C:\Users\pc\Projects\BABYSHOP\OneStep_BabyShop\venv\Lib\site-packages\django\db\models\base.py", line 590, in __init__
    raise TypeError(
    ...<2 lines>...
    )
TypeError: CustomUser() got unexpected keyword arguments: 'password_confirm'

During handling of the above exception, another exception occurred:

Traceback (most recent call last):
  File "C:\Users\pc\Projects\BABYSHOP\OneStep_BabyShop\venv\Lib\site-packages\django\core\handlers\exception.py", line 55, in inner
    response = get_response(request)
  File "C:\Users\pc\Projects\BABYSHOP\OneStep_BabyShop\venv\Lib\site-packages\django\core\handlers\base.py", line 198, in _get_response
    response = wrapped_callback(request, *callback_args, **callback_kwargs)
  File "C:\Users\pc\Projects\BABYSHOP\OneStep_BabyShop\venv\Lib\site-packages\django\views\decorators\csrf.py", line 65, in _view_wrapper
    return view_func(request, *args, **kwargs)
  File "C:\Users\pc\Projects\BABYSHOP\OneStep_BabyShop\venv\Lib\site-packages\django\views\generic\base.py", line 106, in view
    return self.dispatch(request, *args, **kwargs)
           ~~~~~~~~~~~~~^^^^^^^^^^^^^^^^^^^^^^^^^^
  File "C:\Users\pc\Projects\BABYSHOP\OneStep_BabyShop\venv\Lib\site-packages\rest_framework\views.py", line 515, in dispatch
    response = self.handle_exception(exc)
  File "C:\Users\pc\Projects\BABYSHOP\OneStep_BabyShop\venv\Lib\site-packages\rest_framework\views.py", line 475, in handle_exception
    self.raise_uncaught_exception(exc)
    ~~~~~~~~~~~~~~~~~~~~~~~~~~~~~^^^^^
  File "C:\Users\pc\Projects\BABYSHOP\OneStep_BabyShop\venv\Lib\site-packages\rest_framework\views.py", line 486, in raise_uncaught_exception
    raise exc
  File "C:\Users\pc\Projects\BABYSHOP\OneStep_BabyShop\venv\Lib\site-packages\rest_framework\views.py", line 512, in dispatch
    response = handler(request, *args, **kwargs)
  File "C:\Users\pc\Projects\BABYSHOP\OneStep_BabyShop\venv\Lib\site-packages\rest_framework\generics.py", line 194, in post
    return self.create(request, *args, **kwargs)
           ~~~~~~~~~~~^^^^^^^^^^^^^^^^^^^^^^^^^^
  File "C:\Users\pc\Projects\BABYSHOP\OneStep_BabyShop\users\views.py", line 25, in create
    user = serializer.save()
  File "C:\Users\pc\Projects\BABYSHOP\OneStep_BabyShop\venv\Lib\site-packages\rest_framework\serializers.py", line 210, in save
    self.instance = self.create(validated_data)
                    ~~~~~~~~~~~^^^^^^^^^^^^^^^^
  File "C:\Users\pc\Projects\BABYSHOP\OneStep_BabyShop\venv\Lib\site-packages\rest_framework\serializers.py", line 1010, in create
    raise TypeError(msg)
TypeError: Got a `TypeError` when calling `CustomUser.objects.create()`. This may be because you have a writable field on the serializer class that is not a valid argument to `CustomUser.objects.create()`. You may need to make the field read-only, or override the RegisterSerializer.create() method to handle this correctly.
Original exception was:
 Traceback (most recent call last):
  File "C:\Users\pc\Projects\BABYSHOP\OneStep_BabyShop\venv\Lib\site-packages\rest_framework\serializers.py", line 991, in create
    instance = ModelClass._default_manager.create(**validated_data)
  File "C:\Users\pc\Projects\BABYSHOP\OneStep_BabyShop\venv\Lib\site-packages\django\db\models\manager.py", line 87, in manager_method
    return getattr(self.get_queryset(), name)(*args, **kwargs)
           ~~~~~~~~~~~~~~~~~~~~~~~~~~~~~~~~~~^^^^^^^^^^^^^^^^^
  File "C:\Users\pc\Projects\BABYSHOP\OneStep_BabyShop\venv\Lib\site-packages\django\db\models\query.py", line 667, in create
    obj = self.model(**kwargs)
  File "C:\Users\pc\Projects\BABYSHOP\OneStep_BabyShop\venv\Lib\site-packages\django\db\models\base.py", line 590, in __init__
    raise TypeError(
    ...<2 lines>...
    )
TypeError: CustomUser() got unexpected keyword arguments: 'password_confirm'

C:\Users\pc\Projects\BABYSHOP\OneStep_BabyShop\users\serializers.py changed, reloading.
Watching for file changes with StatReloader
C:\Users\pc\Projects\BABYSHOP\OneStep_BabyShop\users\serializers.py changed, reloading.
Watching for file changes with StatReloader
Not Found: /
Not Found: /token/
C:\Users\pc\Projects\BABYSHOP\OneStep_BabyShop\babyshop_backend\urls.py changed, reloading.
Watching for file changes with StatReloader
Not Found: /api/token/\n\n
C:\Users\pc\Projects\BABYSHOP\OneStep_BabyShop\babyshop_backend\urls.py changed, reloading.
Watching for file changes with StatReloader
Not Found: /api/token/\n\n
Not Found: /api/token/\n\n
Method Not Allowed: /api/token/
Not Found: /favicon.ico
C:\Users\pc\Projects\BABYSHOP\OneStep_BabyShop\users\models.py changed, reloading.
Watching for file changes with StatReloader
C:\Users\pc\Projects\BABYSHOP\OneStep_BabyShop\users\managers.py changed, reloading.
Watching for file changes with StatReloader
C:\Users\pc\Projects\BABYSHOP\OneStep_BabyShop\users\serializers.py changed, reloading.
Watching for file changes with StatReloader
C:\Users\pc\Projects\BABYSHOP\OneStep_BabyShop\babyshop_backend\settings.py changed, reloading.
Watching for file changes with StatReloader
C:\Users\pc\Projects\BABYSHOP\OneStep_BabyShop\babyshop_backend\settings.py changed, reloading.
Watching for file changes with StatReloader
C:\Users\pc\Projects\BABYSHOP\OneStep_BabyShop\users\serializers.py changed, reloading.
Watching for file changes with StatReloader
C:\Users\pc\Projects\BABYSHOP\OneStep_BabyShop\users\serializers.py changed, reloading.
Watching for file changes with StatReloader
C:\Users\pc\Projects\BABYSHOP\OneStep_BabyShop\users\serializers.py changed, reloading.
Watching for file changes with StatReloader
C:\Users\pc\Projects\BABYSHOP\OneStep_BabyShop\users\serializers.py changed, reloading.
Watching for file changes with StatReloader
C:\Users\pc\Projects\BABYSHOP\OneStep_BabyShop\users\views.py changed, reloading.
Watching for file changes with StatReloader
C:\Users\pc\Projects\BABYSHOP\OneStep_BabyShop\users\views.py changed, reloading.
Watching for file changes with StatReloader
C:\Users\pc\Projects\BABYSHOP\OneStep_BabyShop\users\views.py changed, reloading.
Watching for file changes with StatReloader
C:\Users\pc\Projects\BABYSHOP\OneStep_BabyShop\users\views.py changed, reloading.
Watching for file changes with StatReloader
C:\Users\pc\Projects\BABYSHOP\OneStep_BabyShop\users\serializers.py changed, reloading.
Watching for file changes with StatReloader
C:\Users\pc\Projects\BABYSHOP\OneStep_BabyShop\users\views.py changed, reloading.
Watching for file changes with StatReloader
C:\Users\pc\Projects\BABYSHOP\OneStep_BabyShop\users\urls.py changed, reloading.
Watching for file changes with StatReloader
C:\Users\pc\Projects\BABYSHOP\OneStep_BabyShop\users\views.py changed, reloading.
Watching for file changes with StatReloader
Watching for file changes with StatReloader
Not Found: /
C:\Users\pc\Projects\BABYSHOP\OneStep_BabyShop\users\managers.py changed, reloading.
Watching for file changes with StatReloader
C:\Users\pc\Projects\BABYSHOP\OneStep_BabyShop\users\managers.py changed, reloading.
Watching for file changes with StatReloader
C:\Users\pc\Projects\BABYSHOP\OneStep_BabyShop\users\managers.py changed, reloading.
Watching for file changes with StatReloader
C:\Users\pc\Projects\BABYSHOP\OneStep_BabyShop\users\managers.py changed, reloading.
Watching for file changes with StatReloader
C:\Users\pc\Projects\BABYSHOP\OneStep_BabyShop\users\admin.py changed, reloading.
Watching for file changes with StatReloader
C:\Users\pc\Projects\BABYSHOP\OneStep_BabyShop\babyshop_backend\settings.py changed, reloading.
Watching for file changes with StatReloader
Not Found: /api/v1/auth/register/
Method Not Allowed: /api/token/
Not Found: /
Not Found: /
Not Found: /api/v1/auth/register/
Method Not Allowed: /api/v1/auth/register/register/
C:\Users\pc\Projects\BABYSHOP\OneStep_BabyShop\babyshop_backend\urls.py changed, reloading.
Watching for file changes with StatReloader
Not Found: /api/v1/auth/register/register/
Not Found: /api/v1/auth/register/register/
Method Not Allowed: /api/v1/auth/register/
Failed to send verification email to elisrendaivy@gmail.com: 'CustomUser' object has no attribute 'generate_verification_code'
Traceback (most recent call last):
  File "C:\Users\pc\Projects\BABYSHOP\OneStep_BabyShop\users\utils.py", line 41, in send_verification_email
    user.generate_verification_code()
    ^^^^^^^^^^^^^^^^^^^^^^^^^^^^^^^
AttributeError: 'CustomUser' object has no attribute 'generate_verification_code'. Did you mean: 'generate_verificatin_code'?
CRITICAL: Failed to send verification email to elisrendaivy@gmail.com
C:\Users\pc\Projects\BABYSHOP\OneStep_BabyShop\users\models.py changed, reloading.
Watching for file changes with StatReloader
HTML verification email sent to elisrendaivy@gmail.com (resend: False)
Internal Server Error: /api/v1/auth/verify-email/
Traceback (most recent call last):
  File "C:\Users\pc\Projects\BABYSHOP\OneStep_BabyShop\venv\Lib\site-packages\django\core\handlers\exception.py", line 55, in inner
    response = get_response(request)
  File "C:\Users\pc\Projects\BABYSHOP\OneStep_BabyShop\venv\Lib\site-packages\django\core\handlers\base.py", line 198, in _get_response
    response = wrapped_callback(request, *callback_args, **callback_kwargs)
  File "C:\Users\pc\Projects\BABYSHOP\OneStep_BabyShop\venv\Lib\site-packages\django\views\decorators\csrf.py", line 65, in _view_wrapper
    return view_func(request, *args, **kwargs)
  File "C:\Users\pc\Projects\BABYSHOP\OneStep_BabyShop\venv\Lib\site-packages\django\views\generic\base.py", line 106, in view
    return self.dispatch(request, *args, **kwargs)
           ~~~~~~~~~~~~~^^^^^^^^^^^^^^^^^^^^^^^^^^
  File "C:\Users\pc\Projects\BABYSHOP\OneStep_BabyShop\venv\Lib\site-packages\rest_framework\views.py", line 515, in dispatch
    response = self.handle_exception(exc)
  File "C:\Users\pc\Projects\BABYSHOP\OneStep_BabyShop\venv\Lib\site-packages\rest_framework\views.py", line 475, in handle_exception
    self.raise_uncaught_exception(exc)
    ~~~~~~~~~~~~~~~~~~~~~~~~~~~~~^^^^^
  File "C:\Users\pc\Projects\BABYSHOP\OneStep_BabyShop\venv\Lib\site-packages\rest_framework\views.py", line 486, in raise_uncaught_exception
    raise exc
  File "C:\Users\pc\Projects\BABYSHOP\OneStep_BabyShop\venv\Lib\site-packages\rest_framework\views.py", line 512, in dispatch
    response = handler(request, *args, **kwargs)
  File "C:\Users\pc\Projects\BABYSHOP\OneStep_BabyShop\users\views.py", line 75, in post
    serializer.is_valid(raise_exception=True)
    ~~~~~~~~~~~~~~~~~~~^^^^^^^^^^^^^^^^^^^^^^
  File "C:\Users\pc\Projects\BABYSHOP\OneStep_BabyShop\venv\Lib\site-packages\rest_framework\serializers.py", line 225, in is_valid
    self._validated_data = self.run_validation(self.initial_data)
                           ~~~~~~~~~~~~~~~~~~~^^^^^^^^^^^^^^^^^^^
  File "C:\Users\pc\Projects\BABYSHOP\OneStep_BabyShop\venv\Lib\site-packages\rest_framework\serializers.py", line 447, in run_validation
    value = self.validate(value)
  File "C:\Users\pc\Projects\BABYSHOP\OneStep_BabyShop\users\serializers.py", line 117, in validate
    if not user.is_verification_code_valid(verification_code):
           ^^^^^^^^^^^^^^^^^^^^^^^^^^^^^^^
AttributeError: 'CustomUser' object has no attribute 'is_verification_code_valid'. Did you mean: 'is_veification_code_valid'?
C:\Users\pc\Projects\BABYSHOP\OneStep_BabyShop\users\models.py changed, reloading.
Watching for file changes with StatReloader
Internal Server Error: /api/v1/auth/verify-email/
Traceback (most recent call last):
  File "C:\Users\pc\Projects\BABYSHOP\OneStep_BabyShop\venv\Lib\site-packages\django\core\handlers\exception.py", line 55, in inner
    response = get_response(request)
  File "C:\Users\pc\Projects\BABYSHOP\OneStep_BabyShop\venv\Lib\site-packages\django\core\handlers\base.py", line 198, in _get_response
    response = wrapped_callback(request, *callback_args, **callback_kwargs)
  File "C:\Users\pc\Projects\BABYSHOP\OneStep_BabyShop\venv\Lib\site-packages\django\views\decorators\csrf.py", line 65, in _view_wrapper
    return view_func(request, *args, **kwargs)
  File "C:\Users\pc\Projects\BABYSHOP\OneStep_BabyShop\venv\Lib\site-packages\django\views\generic\base.py", line 106, in view
    return self.dispatch(request, *args, **kwargs)
           ~~~~~~~~~~~~~^^^^^^^^^^^^^^^^^^^^^^^^^^
  File "C:\Users\pc\Projects\BABYSHOP\OneStep_BabyShop\venv\Lib\site-packages\rest_framework\views.py", line 515, in dispatch
    response = self.handle_exception(exc)
  File "C:\Users\pc\Projects\BABYSHOP\OneStep_BabyShop\venv\Lib\site-packages\rest_framework\views.py", line 475, in handle_exception
    self.raise_uncaught_exception(exc)
    ~~~~~~~~~~~~~~~~~~~~~~~~~~~~~^^^^^
  File "C:\Users\pc\Projects\BABYSHOP\OneStep_BabyShop\venv\Lib\site-packages\rest_framework\views.py", line 486, in raise_uncaught_exception
    raise exc
  File "C:\Users\pc\Projects\BABYSHOP\OneStep_BabyShop\venv\Lib\site-packages\rest_framework\views.py", line 512, in dispatch
    response = handler(request, *args, **kwargs)
  File "C:\Users\pc\Projects\BABYSHOP\OneStep_BabyShop\users\views.py", line 75, in post
    serializer.is_valid(raise_exception=True)
    ~~~~~~~~~~~~~~~~~~~^^^^^^^^^^^^^^^^^^^^^^
  File "C:\Users\pc\Projects\BABYSHOP\OneStep_BabyShop\venv\Lib\site-packages\rest_framework\serializers.py", line 225, in is_valid
    self._validated_data = self.run_validation(self.initial_data)
                           ~~~~~~~~~~~~~~~~~~~^^^^^^^^^^^^^^^^^^^
  File "C:\Users\pc\Projects\BABYSHOP\OneStep_BabyShop\venv\Lib\site-packages\rest_framework\serializers.py", line 447, in run_validation
    value = self.validate(value)
  File "C:\Users\pc\Projects\BABYSHOP\OneStep_BabyShop\users\serializers.py", line 117, in validate
    if not user.is_verification_code_valid(verification_code):
           ~~~~~~~~~~~~~~~~~~~~~~~~~~~~~~~^^^^^^^^^^^^^^^^^^^
  File "C:\Users\pc\Projects\BABYSHOP\OneStep_BabyShop\users\models.py", line 113, in is_verification_code_valid
    if not self.email_cerification_code or not self.email_veification_sent_at:
           ^^^^^^^^^^^^^^^^^^^^^^^^^^^^
AttributeError: 'CustomUser' object has no attribute 'email_cerification_code'. Did you mean: 'email_verification_code'?
C:\Users\pc\Projects\BABYSHOP\OneStep_BabyShop\users\models.py changed, reloading.
Watching for file changes with StatReloader
Internal Server Error: /api/v1/auth/verify-email/
Traceback (most recent call last):
  File "C:\Users\pc\Projects\BABYSHOP\OneStep_BabyShop\venv\Lib\site-packages\django\core\handlers\exception.py", line 55, in inner
    response = get_response(request)
  File "C:\Users\pc\Projects\BABYSHOP\OneStep_BabyShop\venv\Lib\site-packages\django\core\handlers\base.py", line 198, in _get_response
    response = wrapped_callback(request, *callback_args, **callback_kwargs)
  File "C:\Users\pc\Projects\BABYSHOP\OneStep_BabyShop\venv\Lib\site-packages\django\views\decorators\csrf.py", line 65, in _view_wrapper
    return view_func(request, *args, **kwargs)
  File "C:\Users\pc\Projects\BABYSHOP\OneStep_BabyShop\venv\Lib\site-packages\django\views\generic\base.py", line 106, in view
    return self.dispatch(request, *args, **kwargs)
           ~~~~~~~~~~~~~^^^^^^^^^^^^^^^^^^^^^^^^^^
  File "C:\Users\pc\Projects\BABYSHOP\OneStep_BabyShop\venv\Lib\site-packages\rest_framework\views.py", line 515, in dispatch
    response = self.handle_exception(exc)
  File "C:\Users\pc\Projects\BABYSHOP\OneStep_BabyShop\venv\Lib\site-packages\rest_framework\views.py", line 475, in handle_exception
    self.raise_uncaught_exception(exc)
    ~~~~~~~~~~~~~~~~~~~~~~~~~~~~~^^^^^
  File "C:\Users\pc\Projects\BABYSHOP\OneStep_BabyShop\venv\Lib\site-packages\rest_framework\views.py", line 486, in raise_uncaught_exception
    raise exc
  File "C:\Users\pc\Projects\BABYSHOP\OneStep_BabyShop\venv\Lib\site-packages\rest_framework\views.py", line 512, in dispatch
    response = handler(request, *args, **kwargs)
  File "C:\Users\pc\Projects\BABYSHOP\OneStep_BabyShop\users\views.py", line 75, in post
    serializer.is_valid(raise_exception=True)
    ~~~~~~~~~~~~~~~~~~~^^^^^^^^^^^^^^^^^^^^^^
  File "C:\Users\pc\Projects\BABYSHOP\OneStep_BabyShop\venv\Lib\site-packages\rest_framework\serializers.py", line 225, in is_valid
    self._validated_data = self.run_validation(self.initial_data)
                           ~~~~~~~~~~~~~~~~~~~^^^^^^^^^^^^^^^^^^^
  File "C:\Users\pc\Projects\BABYSHOP\OneStep_BabyShop\venv\Lib\site-packages\rest_framework\serializers.py", line 447, in run_validation
    value = self.validate(value)
  File "C:\Users\pc\Projects\BABYSHOP\OneStep_BabyShop\users\serializers.py", line 117, in validate
    if not user.is_verification_code_valid(verification_code):
           ~~~~~~~~~~~~~~~~~~~~~~~~~~~~~~~^^^^^^^^^^^^^^^^^^^
  File "C:\Users\pc\Projects\BABYSHOP\OneStep_BabyShop\users\models.py", line 113, in is_verification_code_valid
    if not self.email_verification_code or not self.email_veification_sent_at:
                                               ^^^^^^^^^^^^^^^^^^^^^^^^^^^^^^
AttributeError: 'CustomUser' object has no attribute 'email_veification_sent_at'. Did you mean: 'email_verification_sent_at'?
C:\Users\pc\Projects\BABYSHOP\OneStep_BabyShop\users\models.py changed, reloading.
Watching for file changes with StatReloader
HTML welcome email sent to elisrendaivy@gmail.com
Internal Server Error: /api/v1/auth/verify-email/
Traceback (most recent call last):
  File "C:\Users\pc\Projects\BABYSHOP\OneStep_BabyShop\venv\Lib\site-packages\django\core\handlers\exception.py", line 55, in inner
    response = get_response(request)
  File "C:\Users\pc\Projects\BABYSHOP\OneStep_BabyShop\venv\Lib\site-packages\django\core\handlers\base.py", line 198, in _get_response
    response = wrapped_callback(request, *callback_args, **callback_kwargs)
  File "C:\Users\pc\Projects\BABYSHOP\OneStep_BabyShop\venv\Lib\site-packages\django\views\decorators\csrf.py", line 65, in _view_wrapper
    return view_func(request, *args, **kwargs)
  File "C:\Users\pc\Projects\BABYSHOP\OneStep_BabyShop\venv\Lib\site-packages\django\views\generic\base.py", line 106, in view
    return self.dispatch(request, *args, **kwargs)
           ~~~~~~~~~~~~~^^^^^^^^^^^^^^^^^^^^^^^^^^
  File "C:\Users\pc\Projects\BABYSHOP\OneStep_BabyShop\venv\Lib\site-packages\rest_framework\views.py", line 515, in dispatch
    response = self.handle_exception(exc)
  File "C:\Users\pc\Projects\BABYSHOP\OneStep_BabyShop\venv\Lib\site-packages\rest_framework\views.py", line 475, in handle_exception
    self.raise_uncaught_exception(exc)
    ~~~~~~~~~~~~~~~~~~~~~~~~~~~~~^^^^^
  File "C:\Users\pc\Projects\BABYSHOP\OneStep_BabyShop\venv\Lib\site-packages\rest_framework\views.py", line 486, in raise_uncaught_exception
    raise exc
  File "C:\Users\pc\Projects\BABYSHOP\OneStep_BabyShop\venv\Lib\site-packages\rest_framework\views.py", line 512, in dispatch
    response = handler(request, *args, **kwargs)
  File "C:\Users\pc\Projects\BABYSHOP\OneStep_BabyShop\users\views.py", line 76, in post
    user = serializer.save()
  File "C:\Users\pc\Projects\BABYSHOP\OneStep_BabyShop\users\serializers.py", line 130, in save
    return user()
TypeError: 'CustomUser' object is not callable
C:\Users\pc\Projects\BABYSHOP\OneStep_BabyShop\users\serializers.py changed, reloading.
Watching for file changes with StatReloader
Bad Request: /api/v1/auth/verify-email/
Bad Request: /api/v1/auth/verify-email/
Bad Request: /api/v1/auth/verify-email/
HTML verification email sent to elisrendaivy@gmail.com (resend: False)
HTML welcome email sent to elisrendaivy@gmail.com
HTML welcome email sent to elisrendaivy@gmail.com
C:\Users\pc\Projects\BABYSHOP\OneStep_BabyShop\users\views.py changed, reloading.
Watching for file changes with StatReloader
C:\Users\pc\Projects\BABYSHOP\OneStep_BabyShop\users\urls.py changed, reloading.
Watching for file changes with StatReloader
C:\Users\pc\Projects\BABYSHOP\OneStep_BabyShop\babyshop_backend\urls.py changed, reloading.
Watching for file changes with StatReloader
Internal Server Error: /api/v1/auth/resend-verification/
Traceback (most recent call last):
  File "C:\Users\pc\Projects\BABYSHOP\OneStep_BabyShop\venv\Lib\site-packages\django\core\handlers\exception.py", line 55, in inner
    response = get_response(request)
  File "C:\Users\pc\Projects\BABYSHOP\OneStep_BabyShop\venv\Lib\site-packages\django\core\handlers\base.py", line 198, in _get_response
    response = wrapped_callback(request, *callback_args, **callback_kwargs)
  File "C:\Users\pc\Projects\BABYSHOP\OneStep_BabyShop\venv\Lib\site-packages\django\views\decorators\csrf.py", line 65, in _view_wrapper
    return view_func(request, *args, **kwargs)
  File "C:\Users\pc\Projects\BABYSHOP\OneStep_BabyShop\venv\Lib\site-packages\django\views\generic\base.py", line 106, in view
    return self.dispatch(request, *args, **kwargs)
           ~~~~~~~~~~~~~^^^^^^^^^^^^^^^^^^^^^^^^^^
  File "C:\Users\pc\Projects\BABYSHOP\OneStep_BabyShop\venv\Lib\site-packages\rest_framework\views.py", line 515, in dispatch
    response = self.handle_exception(exc)
  File "C:\Users\pc\Projects\BABYSHOP\OneStep_BabyShop\venv\Lib\site-packages\rest_framework\views.py", line 475, in handle_exception
    self.raise_uncaught_exception(exc)
    ~~~~~~~~~~~~~~~~~~~~~~~~~~~~~^^^^^
  File "C:\Users\pc\Projects\BABYSHOP\OneStep_BabyShop\venv\Lib\site-packages\rest_framework\views.py", line 486, in raise_uncaught_exception
    raise exc
  File "C:\Users\pc\Projects\BABYSHOP\OneStep_BabyShop\venv\Lib\site-packages\rest_framework\views.py", line 512, in dispatch
    response = handler(request, *args, **kwargs)
  File "C:\Users\pc\Projects\BABYSHOP\OneStep_BabyShop\users\views.py", line 108, in post
    serializer.is_valid(raise_exception=True)
    ~~~~~~~~~~~~~~~~~~~^^^^^^^^^^^^^^^^^^^^^^
  File "C:\Users\pc\Projects\BABYSHOP\OneStep_BabyShop\venv\Lib\site-packages\rest_framework\serializers.py", line 225, in is_valid
    self._validated_data = self.run_validation(self.initial_data)
                           ~~~~~~~~~~~~~~~~~~~^^^^^^^^^^^^^^^^^^^
  File "C:\Users\pc\Projects\BABYSHOP\OneStep_BabyShop\venv\Lib\site-packages\rest_framework\serializers.py", line 447, in run_validation
    value = self.validate(value)
  File "C:\Users\pc\Projects\BABYSHOP\OneStep_BabyShop\users\serializers.py", line 138, in validate
    email = data.get(email)
                     ^^^^^
UnboundLocalError: cannot access local variable 'email' where it is not associated with a value
C:\Users\pc\Projects\BABYSHOP\OneStep_BabyShop\users\serializers.py changed, reloading.
Watching for file changes with StatReloader
Bad Request: /api/v1/auth/resend-verification/
HTML verification email sent to elisrendaivy@gmail.com (resend: False)
Internal Server Error: /api/v1/auth/resend-verification/
Traceback (most recent call last):
  File "C:\Users\pc\Projects\BABYSHOP\OneStep_BabyShop\venv\Lib\site-packages\django\core\handlers\exception.py", line 55, in inner
    response = get_response(request)
  File "C:\Users\pc\Projects\BABYSHOP\OneStep_BabyShop\venv\Lib\site-packages\django\core\handlers\base.py", line 198, in _get_response
    response = wrapped_callback(request, *callback_args, **callback_kwargs)
  File "C:\Users\pc\Projects\BABYSHOP\OneStep_BabyShop\venv\Lib\site-packages\django\views\decorators\csrf.py", line 65, in _view_wrapper
    return view_func(request, *args, **kwargs)
  File "C:\Users\pc\Projects\BABYSHOP\OneStep_BabyShop\venv\Lib\site-packages\django\views\generic\base.py", line 106, in view
    return self.dispatch(request, *args, **kwargs)
           ~~~~~~~~~~~~~^^^^^^^^^^^^^^^^^^^^^^^^^^
  File "C:\Users\pc\Projects\BABYSHOP\OneStep_BabyShop\venv\Lib\site-packages\rest_framework\views.py", line 515, in dispatch
    response = self.handle_exception(exc)
  File "C:\Users\pc\Projects\BABYSHOP\OneStep_BabyShop\venv\Lib\site-packages\rest_framework\views.py", line 475, in handle_exception
    self.raise_uncaught_exception(exc)
    ~~~~~~~~~~~~~~~~~~~~~~~~~~~~~^^^^^
  File "C:\Users\pc\Projects\BABYSHOP\OneStep_BabyShop\venv\Lib\site-packages\rest_framework\views.py", line 486, in raise_uncaught_exception
    raise exc
  File "C:\Users\pc\Projects\BABYSHOP\OneStep_BabyShop\venv\Lib\site-packages\rest_framework\views.py", line 512, in dispatch
    response = handler(request, *args, **kwargs)
  File "C:\Users\pc\Projects\BABYSHOP\OneStep_BabyShop\users\views.py", line 108, in post
    serializer.is_valid(raise_exception=True)
    ~~~~~~~~~~~~~~~~~~~^^^^^^^^^^^^^^^^^^^^^^
  File "C:\Users\pc\Projects\BABYSHOP\OneStep_BabyShop\venv\Lib\site-packages\rest_framework\serializers.py", line 225, in is_valid
    self._validated_data = self.run_validation(self.initial_data)
                           ~~~~~~~~~~~~~~~~~~~^^^^^^^^^^^^^^^^^^^
  File "C:\Users\pc\Projects\BABYSHOP\OneStep_BabyShop\venv\Lib\site-packages\rest_framework\serializers.py", line 447, in run_validation
    value = self.validate(value)
  File "C:\Users\pc\Projects\BABYSHOP\OneStep_BabyShop\users\serializers.py", line 153, in validate
    time_since_last = timezone.now() - user.email_verification_sent_at
                      ^^^^^^^^^^^^
AttributeError: type object 'datetime.timezone' has no attribute 'now'
C:\Users\pc\Projects\BABYSHOP\OneStep_BabyShop\users\serializers.py changed, reloading.
Watching for file changes with StatReloader
C:\Users\pc\Projects\BABYSHOP\OneStep_BabyShop\users\serializers.py changed, reloading.
Watching for file changes with StatReloader
HTML verification email sent to elisrendaivy@gmail.com (resend: True)
HTML verification email sent to elisrendaivy@gmail.com (resend: True)
Bad Request: /api/v1/auth/verify-email/
HTML welcome email sent to elisrendaivy@gmail.com
HTML welcome email sent to elisrendaivy@gmail.com
C:\Users\pc\Projects\BABYSHOP\OneStep_BabyShop\users\models.py changed, reloading.
Watching for file changes with StatReloader
C:\Users\pc\Projects\BABYSHOP\OneStep_BabyShop\users\serializers.py changed, reloading.
Watching for file changes with StatReloader
C:\Users\pc\Projects\BABYSHOP\OneStep_BabyShop\users\views.py changed, reloading.
Watching for file changes with StatReloader
C:\Users\pc\Projects\BABYSHOP\OneStep_BabyShop\users\utils.py changed, reloading.
Watching for file changes with StatReloader
C:\Users\pc\Projects\BABYSHOP\OneStep_BabyShop\users\views.py changed, reloading.
Watching for file changes with StatReloader
C:\Users\pc\Projects\BABYSHOP\OneStep_BabyShop\users\urls.py changed, reloading.
Watching for file changes with StatReloader
C:\Users\pc\Projects\BABYSHOP\OneStep_BabyShop\users\utils.py changed, reloading.
Watching for file changes with StatReloader
C:\Users\pc\Projects\BABYSHOP\OneStep_BabyShop\users\admin.py changed, reloading.
Watching for file changes with StatReloader
Watching for file changes with StatReloader
C:\Users\pc\Projects\BABYSHOP\OneStep_BabyShop\users\serializers.py changed, reloading.
Watching for file changes with StatReloader
C:\Users\pc\Projects\BABYSHOP\OneStep_BabyShop\users\admin.py changed, reloading.
Watching for file changes with StatReloader
C:\Users\pc\Projects\BABYSHOP\OneStep_BabyShop\users\admin.py changed, reloading.
Watching for file changes with StatReloader
C:\Users\pc\Projects\BABYSHOP\OneStep_BabyShop\users\admin.py changed, reloading.
Watching for file changes with StatReloader
Method Not Allowed: /api/v1/auth/register/
Not Found: /token/
C:\Users\pc\Projects\BABYSHOP\OneStep_BabyShop\users\admin.py changed, reloading.
Watching for file changes with StatReloader
Internal Server Error: /api/token
Traceback (most recent call last):
  File "C:\Users\pc\Projects\BABYSHOP\OneStep_BabyShop\venv\Lib\site-packages\django\core\handlers\exception.py", line 55, in inner
    response = get_response(request)
  File "C:\Users\pc\Projects\BABYSHOP\OneStep_BabyShop\venv\Lib\site-packages\django\utils\deprecation.py", line 311, in __call__
    response = self.process_response(request, response)
  File "C:\Users\pc\Projects\BABYSHOP\OneStep_BabyShop\venv\Lib\site-packages\django\middleware\common.py", line 109, in process_response
    self.get_full_path_with_slash(request)
    ~~~~~~~~~~~~~~~~~~~~~~~~~~~~~^^^^^^^^^
  File "C:\Users\pc\Projects\BABYSHOP\OneStep_BabyShop\venv\Lib\site-packages\django\middleware\common.py", line 87, in get_full_path_with_slash
    raise RuntimeError(
    ...<9 lines>...
    )
RuntimeError: You called this URL via POST, but the URL doesn't end in a slash and you have APPEND_SLASH set. Django can't redirect to the slash URL while maintaining POST data. Change your form to point to localhost:8000/api/token/ (note the trailing slash), or set APPEND_SLASH=False in your Django settings.
Password reset email sent to elisrendaivy@gmail.com
Internal Server Error: /api/v1/auth/password-reset/validate/e3ecafe9-a177-4eb2-a5d0-9d53a64a0d54/
Traceback (most recent call last):
  File "C:\Users\pc\Projects\BABYSHOP\OneStep_BabyShop\venv\Lib\site-packages\django\core\handlers\exception.py", line 55, in inner
    response = get_response(request)
  File "C:\Users\pc\Projects\BABYSHOP\OneStep_BabyShop\venv\Lib\site-packages\django\core\handlers\base.py", line 198, in _get_response
    response = wrapped_callback(request, *callback_args, **callback_kwargs)
  File "C:\Users\pc\Projects\BABYSHOP\OneStep_BabyShop\venv\Lib\site-packages\django\views\decorators\csrf.py", line 65, in _view_wrapper
    return view_func(request, *args, **kwargs)
  File "C:\Users\pc\Projects\BABYSHOP\OneStep_BabyShop\venv\Lib\site-packages\django\views\generic\base.py", line 106, in view
    return self.dispatch(request, *args, **kwargs)
           ~~~~~~~~~~~~~^^^^^^^^^^^^^^^^^^^^^^^^^^
  File "C:\Users\pc\Projects\BABYSHOP\OneStep_BabyShop\venv\Lib\site-packages\rest_framework\views.py", line 515, in dispatch
    response = self.handle_exception(exc)
  File "C:\Users\pc\Projects\BABYSHOP\OneStep_BabyShop\venv\Lib\site-packages\rest_framework\views.py", line 475, in handle_exception
    self.raise_uncaught_exception(exc)
    ~~~~~~~~~~~~~~~~~~~~~~~~~~~~~^^^^^
  File "C:\Users\pc\Projects\BABYSHOP\OneStep_BabyShop\venv\Lib\site-packages\rest_framework\views.py", line 486, in raise_uncaught_exception
    raise exc
  File "C:\Users\pc\Projects\BABYSHOP\OneStep_BabyShop\venv\Lib\site-packages\rest_framework\views.py", line 512, in dispatch
    response = handler(request, *args, **kwargs)
  File "C:\Users\pc\Projects\BABYSHOP\OneStep_BabyShop\users\views.py", line 358, in get
    "email":reset_token.email,
            ^^^^^^^^^^^^^^^^^
AttributeError: 'PasswordResetToken' object has no attribute 'email'
C:\Users\pc\Projects\BABYSHOP\OneStep_BabyShop\users\views.py changed, reloading.
Watching for file changes with StatReloader
Internal Server Error: /api/v1/auth/password-reset/confirm/
Traceback (most recent call last):
  File "C:\Users\pc\Projects\BABYSHOP\OneStep_BabyShop\venv\Lib\site-packages\django\core\handlers\exception.py", line 55, in inner
    response = get_response(request)
  File "C:\Users\pc\Projects\BABYSHOP\OneStep_BabyShop\venv\Lib\site-packages\django\core\handlers\base.py", line 198, in _get_response
    response = wrapped_callback(request, *callback_args, **callback_kwargs)
  File "C:\Users\pc\Projects\BABYSHOP\OneStep_BabyShop\venv\Lib\site-packages\django\views\decorators\csrf.py", line 65, in _view_wrapper
    return view_func(request, *args, **kwargs)
  File "C:\Users\pc\Projects\BABYSHOP\OneStep_BabyShop\venv\Lib\site-packages\django\views\generic\base.py", line 106, in view
    return self.dispatch(request, *args, **kwargs)
           ~~~~~~~~~~~~~^^^^^^^^^^^^^^^^^^^^^^^^^^
  File "C:\Users\pc\Projects\BABYSHOP\OneStep_BabyShop\venv\Lib\site-packages\rest_framework\views.py", line 515, in dispatch
    response = self.handle_exception(exc)
  File "C:\Users\pc\Projects\BABYSHOP\OneStep_BabyShop\venv\Lib\site-packages\rest_framework\views.py", line 475, in handle_exception
    self.raise_uncaught_exception(exc)
    ~~~~~~~~~~~~~~~~~~~~~~~~~~~~~^^^^^
  File "C:\Users\pc\Projects\BABYSHOP\OneStep_BabyShop\venv\Lib\site-packages\rest_framework\views.py", line 486, in raise_uncaught_exception
    raise exc
  File "C:\Users\pc\Projects\BABYSHOP\OneStep_BabyShop\venv\Lib\site-packages\rest_framework\views.py", line 512, in dispatch
    response = handler(request, *args, **kwargs)
  File "C:\Users\pc\Projects\BABYSHOP\OneStep_BabyShop\users\views.py", line 331, in post
    serializer.is_valid(raise_exception=True)
    ~~~~~~~~~~~~~~~~~~~^^^^^^^^^^^^^^^^^^^^^^
  File "C:\Users\pc\Projects\BABYSHOP\OneStep_BabyShop\venv\Lib\site-packages\rest_framework\serializers.py", line 225, in is_valid
    self._validated_data = self.run_validation(self.initial_data)
                           ~~~~~~~~~~~~~~~~~~~^^^^^^^^^^^^^^^^^^^
  File "C:\Users\pc\Projects\BABYSHOP\OneStep_BabyShop\venv\Lib\site-packages\rest_framework\serializers.py", line 447, in run_validation
    value = self.validate(value)
  File "C:\Users\pc\Projects\BABYSHOP\OneStep_BabyShop\users\serializers.py", line 265, in validate
    reset_token = PasswordResetToken.objects.get(tokrn=token)
  File "C:\Users\pc\Projects\BABYSHOP\OneStep_BabyShop\venv\Lib\site-packages\django\db\models\manager.py", line 87, in manager_method
    return getattr(self.get_queryset(), name)(*args, **kwargs)
           ~~~~~~~~~~~~~~~~~~~~~~~~~~~~~~~~~~^^^^^^^^^^^^^^^^^
  File "C:\Users\pc\Projects\BABYSHOP\OneStep_BabyShop\venv\Lib\site-packages\django\db\models\query.py", line 625, in get
    clone = self._chain() if self.query.combinator else self.filter(*args, **kwargs)
                                                        ~~~~~~~~~~~^^^^^^^^^^^^^^^^^
  File "C:\Users\pc\Projects\BABYSHOP\OneStep_BabyShop\venv\Lib\site-packages\django\db\models\query.py", line 1542, in filter
    return self._filter_or_exclude(False, args, kwargs)
           ~~~~~~~~~~~~~~~~~~~~~~~^^^^^^^^^^^^^^^^^^^^^
  File "C:\Users\pc\Projects\BABYSHOP\OneStep_BabyShop\venv\Lib\site-packages\django\db\models\query.py", line 1560, in _filter_or_exclude
    clone._filter_or_exclude_inplace(negate, args, kwargs)
    ~~~~~~~~~~~~~~~~~~~~~~~~~~~~~~~~^^^^^^^^^^^^^^^^^^^^^^
  File "C:\Users\pc\Projects\BABYSHOP\OneStep_BabyShop\venv\Lib\site-packages\django\db\models\query.py", line 1570, in _filter_or_exclude_inplace
    self._query.add_q(Q(*args, **kwargs))
    ~~~~~~~~~~~~~~~~~^^^^^^^^^^^^^^^^^^^^
  File "C:\Users\pc\Projects\BABYSHOP\OneStep_BabyShop\venv\Lib\site-packages\django\db\models\sql\query.py", line 1671, in add_q
    clause, _ = self._add_q(q_object, can_reuse)
                ~~~~~~~~~~~^^^^^^^^^^^^^^^^^^^^^
  File "C:\Users\pc\Projects\BABYSHOP\OneStep_BabyShop\venv\Lib\site-packages\django\db\models\sql\query.py", line 1703, in _add_q
    child_clause, needed_inner = self.build_filter(
                                 ~~~~~~~~~~~~~~~~~^
        child,
        ^^^^^^
    ...<7 lines>...
        update_join_types=update_join_types,
        ^^^^^^^^^^^^^^^^^^^^^^^^^^^^^^^^^^^^
    )
    ^
  File "C:\Users\pc\Projects\BABYSHOP\OneStep_BabyShop\venv\Lib\site-packages\django\db\models\sql\query.py", line 1551, in build_filter
    lookups, parts, reffed_expression = self.solve_lookup_type(arg, summarize)
                                        ~~~~~~~~~~~~~~~~~~~~~~^^^^^^^^^^^^^^^^
  File "C:\Users\pc\Projects\BABYSHOP\OneStep_BabyShop\venv\Lib\site-packages\django\db\models\sql\query.py", line 1358, in solve_lookup_type
    _, field, _, lookup_parts = self.names_to_path(lookup_splitted, self.get_meta())
                                ~~~~~~~~~~~~~~~~~~^^^^^^^^^^^^^^^^^^^^^^^^^^^^^^^^^^
  File "C:\Users\pc\Projects\BABYSHOP\OneStep_BabyShop\venv\Lib\site-packages\django\db\models\sql\query.py", line 1832, in names_to_path
    raise FieldError(
    ...<2 lines>...
    )
django.core.exceptions.FieldError: Cannot resolve keyword 'tokrn' into field. Choices are: created_at, expires_at, id, is_used, token, used_at, user, user_id
C:\Users\pc\Projects\BABYSHOP\OneStep_BabyShop\users\serializers.py changed, reloading.
Watching for file changes with StatReloader
Password reset success email sent to elisrendaivy@gmail.com
C:\Users\pc\Projects\BABYSHOP\OneStep_BabyShop\babyshop_backend\settings.py changed, reloading.
Watching for file changes with StatReloader
Watching for file changes with StatReloader
C:\Users\pc\Projects\BABYSHOP\OneStep_BabyShop\babyshop_backend\settings.py changed, reloading.
Watching for file changes with StatReloader
Watching for file changes with StatReloader
Not Found: /
Not Found: /favicon.ico
C:\Users\pc\Projects\BABYSHOP\OneStep_BabyShop\users\utils.py changed, reloading.
Watching for file changes with StatReloader
C:\Users\pc\Projects\BABYSHOP\OneStep_BabyShop\users\utils.py changed, reloading.
Watching for file changes with StatReloader
C:\Users\pc\Projects\BABYSHOP\OneStep_BabyShop\users\utils.py changed, reloading.
Watching for file changes with StatReloader
C:\Users\pc\Projects\BABYSHOP\OneStep_BabyShop\babyshop_backend\settings.py changed, reloading.
Watching for file changes with StatReloader
C:\Users\pc\Projects\BABYSHOP\OneStep_BabyShop\babyshop_backend\settings.py changed, reloading.
Watching for file changes with StatReloader
C:\Users\pc\Projects\BABYSHOP\OneStep_BabyShop\babyshop_backend\settings.py changed, reloading.
Watching for file changes with StatReloader
C:\Users\pc\Projects\BABYSHOP\OneStep_BabyShop\users\utils.py changed, reloading.
Watching for file changes with StatReloader
C:\Users\pc\Projects\BABYSHOP\OneStep_BabyShop\babyshop_backend\settings.py changed, reloading.
Watching for file changes with StatReloader
C:\Users\pc\Projects\BABYSHOP\OneStep_BabyShop\babyshop_backend\settings.py changed, reloading.
Watching for file changes with StatReloader
Not Found: /
Not Found: /favicon.ico
Not Found: /api/v1/register/
Not Found: /api/v1/register/
Method Not Allowed: /api/v1/auth/register/
Not Found: /api/v1/auth/
